<?xml version="1.0" encoding="UTF-8"?>
<!-- Generated by org.testng.reporters.JUnitXMLReporter -->
<testsuite ignored="0" hostname="razin-ubuntu" failures="0" tests="6" name="Default test" time="70.7" errors="0" timestamp="2025-04-09T13:23:29 EDT">
  <testcase classname="razinautomation.tests.EzraBookingProcess" name="EzraTestTC01" time="9.624"/>
  <testcase classname="razinautomation.tests.EzraBookingProcess" name="EzraTestTC02" time="35.338"/>
  <testcase classname="razinautomation.tests.EzraBookingProcess" name="EzraTestTC03" time="0.001"/>
  <testcase classname="razinautomation.tests.EzraBookingProcess" name="EzraTestTC04" time="10.317"/>
  <testcase classname="razinautomation.tests.EzraBookingProcess" name="EzraTestTC05" time="0.001"/>
  <testcase classname="razinautomation.tests.EzraBookingProcess" name="EzraTestTC06" time="0.001"/>
</testsuite> <!-- Default test -->
