<?xml version="1.0" encoding="UTF-8"?>
<!-- Generated by org.testng.reporters.JUnitXMLReporter -->
<testsuite ignored="0" hostname="razin-ubuntu" failures="0" tests="2" name="Error Validation Test" time="28.147" errors="0" timestamp="2025-04-09T10:22:58 EDT">
  <testcase classname="razinautomation.tests.ErrorValidationsTest" name="ProductErrorValidation" time="15.262"/>
  <testcase classname="razinautomation.tests.ErrorValidationsTest" name="loginErrorValidation" time="1.397"/>
</testsuite> <!-- Error Validation Test -->
