<?xml version="1.0" encoding="UTF-8"?>
<!-- Generated by org.testng.reporters.JUnitXMLReporter -->
<testsuite ignored="0" hostname="Razin-Win11" failures="0" tests="2" name="Error Validation Test" time="33.971" errors="0" timestamp="2025-04-21T10:21:27 EDT">
  <testcase classname="razinautomation.tests.ErrorValidationsTest" name="ProductErrorValidation" time="14.464"/>
  <testcase classname="razinautomation.tests.ErrorValidationsTest" name="loginErrorValidation" time="1.28"/>
</testsuite> <!-- Error Validation Test -->
