<?xml version="1.0" encoding="UTF-8"?>
<!-- Generated by org.testng.reporters.JUnitXMLReporter -->
<testsuite ignored="0" hostname="razin-ubuntu" failures="0" tests="4" name="Submit Order Test" time="63.996" errors="0" timestamp="2025-04-09T10:23:34 EDT">
  <testcase classname="razinautomation.tests.SubmitOrderTest" name="EzraTestTC01" time="20.201"/>
  <testcase classname="razinautomation.tests.SubmitOrderTest" name="submitOrder" time="16.36"/>
  <testcase classname="razinautomation.tests.SubmitOrderTest" name="submitOrder" time="4.412"/>
  <testcase classname="razinautomation.tests.SubmitOrderTest" name="OrderHistoryTest" time="1.152"/>
</testsuite> <!-- Submit Order Test -->
