<?xml version="1.0" encoding="UTF-8"?>
<!-- Generated by org.testng.reporters.JUnitXMLReporter -->
<testsuite ignored="0" hostname="razin-ubuntu" failures="0" tests="2" name="Error Validation Test" time="27.643" errors="0" timestamp="2025-03-23T01:17:29 EDT">
  <testcase classname="razinautomation.tests.ErrorValidationsTest" name="ProductErrorValidation" time="14.723"/>
  <testcase classname="razinautomation.tests.ErrorValidationsTest" name="loginErrorValidation" time="0.908"/>
</testsuite> <!-- Error Validation Test -->
