<?xml version="1.0" encoding="UTF-8"?>
<!-- Generated by org.testng.reporters.JUnitXMLReporter -->
<testsuite ignored="0" hostname="Razin-Win11" failures="0" tests="2" name="Error Validation Test" time="31.048" errors="0" timestamp="2025-04-21T22:43:30 EDT">
  <testcase classname="razinautomation.tests.ErrorValidationsTest" name="ProductErrorValidation" time="14.68"/>
  <testcase classname="razinautomation.tests.ErrorValidationsTest" name="loginErrorValidation" time="0.677"/>
</testsuite> <!-- Error Validation Test -->
