<?xml version="1.0" encoding="UTF-8"?>
<!-- Generated by org.testng.reporters.JUnitXMLReporter -->
<testsuite ignored="0" hostname="razin-ubuntu" failures="0" tests="3" name="Submit Order Test" time="52.549" errors="0" timestamp="2025-03-23T01:17:53 EDT">
  <testcase classname="razinautomation.tests.SubmitOrderTest" name="submitOrder" time="16.117"/>
  <testcase classname="razinautomation.tests.SubmitOrderTest" name="submitOrder" time="16.852"/>
  <testcase classname="razinautomation.tests.SubmitOrderTest" name="OrderHistoryTest" time="1.805"/>
</testsuite> <!-- Submit Order Test -->
