<?xml version="1.0" encoding="UTF-8"?>
<!-- Generated by org.testng.reporters.JUnitXMLReporter -->
<testsuite ignored="0" hostname="Razin-Win11" failures="0" tests="3" name="Submit Order Test" time="53.493" errors="0" timestamp="2025-04-21T22:43:51 EDT">
  <testcase classname="razinautomation.tests.SubmitOrderTest" name="submitOrder" time="15.938"/>
  <testcase classname="razinautomation.tests.SubmitOrderTest" name="submitOrder" time="15.528"/>
  <testcase classname="razinautomation.tests.SubmitOrderTest" name="OrderHistoryTest" time="1.05"/>
</testsuite> <!-- Submit Order Test -->
