<?xml version="1.0" encoding="UTF-8"?>
<testng-results ignored="0" total="5" passed="5" failed="0" skipped="0">
  <reporter-output>
  </reporter-output>
  <suite started-at="2025-04-21T22:42:58 EDT" name="Suite" finished-at="2025-04-21T22:43:51 EDT" duration-ms="53493">
    <groups>
      <group name="ErrorHandling">
        <method signature="ErrorValidationsTest.loginErrorValidation()[pri:0, instance:razinautomation.tests.ErrorValidationsTest@769a1df5]" name="loginErrorValidation" class="razinautomation.tests.ErrorValidationsTest"/>
      </group> <!-- ErrorHandling -->
      <group name="Purchase">
        <method signature="SubmitOrderTest.submitOrder(java.util.HashMap)[pri:0, instance:razinautomation.tests.SubmitOrderTest@3feb2dda]" name="submitOrder" class="razinautomation.tests.SubmitOrderTest"/>
      </group> <!-- Purchase -->
    </groups>
    <test started-at="2025-04-21T22:42:58 EDT" name="Error Validation Test" finished-at="2025-04-21T22:43:29 EDT" duration-ms="31048">
      <class name="razinautomation.tests.ErrorValidationsTest">
        <test-method is-config="true" signature="launchApplication()[pri:0, instance:razinautomation.tests.ErrorValidationsTest@769a1df5]" started-at="2025-04-21T22:42:58 EDT" name="launchApplication" finished-at="2025-04-21T22:43:06 EDT" duration-ms="8006" status="PASS">
          <reporter-output>
          </reporter-output>
        </test-method> <!-- launchApplication -->
        <test-method signature="ProductErrorValidation()[pri:0, instance:razinautomation.tests.ErrorValidationsTest@769a1df5]" started-at="2025-04-21T22:43:06 EDT" name="ProductErrorValidation" finished-at="2025-04-21T22:43:21 EDT" duration-ms="14680" status="PASS">
          <reporter-output>
          </reporter-output>
        </test-method> <!-- ProductErrorValidation -->
        <test-method is-config="true" signature="tearDown()[pri:0, instance:razinautomation.tests.ErrorValidationsTest@769a1df5]" started-at="2025-04-21T22:43:21 EDT" name="tearDown" finished-at="2025-04-21T22:43:21 EDT" duration-ms="92" status="PASS">
          <reporter-output>
          </reporter-output>
        </test-method> <!-- tearDown -->
        <test-method is-config="true" signature="launchApplication()[pri:0, instance:razinautomation.tests.ErrorValidationsTest@769a1df5]" started-at="2025-04-21T22:43:21 EDT" name="launchApplication" finished-at="2025-04-21T22:43:28 EDT" duration-ms="7397" status="PASS">
          <reporter-output>
          </reporter-output>
        </test-method> <!-- launchApplication -->
        <test-method signature="loginErrorValidation()[pri:0, instance:razinautomation.tests.ErrorValidationsTest@769a1df5]" started-at="2025-04-21T22:43:28 EDT" name="loginErrorValidation" finished-at="2025-04-21T22:43:29 EDT" duration-ms="677" status="PASS">
          <reporter-output>
          </reporter-output>
        </test-method> <!-- loginErrorValidation -->
        <test-method is-config="true" signature="tearDown()[pri:0, instance:razinautomation.tests.ErrorValidationsTest@769a1df5]" started-at="2025-04-21T22:43:29 EDT" name="tearDown" finished-at="2025-04-21T22:43:29 EDT" duration-ms="128" status="PASS">
          <reporter-output>
          </reporter-output>
        </test-method> <!-- tearDown -->
      </class> <!-- razinautomation.tests.ErrorValidationsTest -->
    </test> <!-- Error Validation Test -->
    <test started-at="2025-04-21T22:42:58 EDT" name="Submit Order Test" finished-at="2025-04-21T22:43:51 EDT" duration-ms="53493">
      <class name="razinautomation.tests.SubmitOrderTest">
        <test-method is-config="true" signature="launchApplication()[pri:0, instance:razinautomation.tests.SubmitOrderTest@3feb2dda]" started-at="2025-04-21T22:42:58 EDT" name="launchApplication" finished-at="2025-04-21T22:43:06 EDT" duration-ms="7207" status="PASS">
          <reporter-output>
          </reporter-output>
        </test-method> <!-- launchApplication -->
        <test-method signature="submitOrder(java.util.HashMap)[pri:0, instance:razinautomation.tests.SubmitOrderTest@3feb2dda]" started-at="2025-04-21T22:43:06 EDT" name="submitOrder" data-provider="getData" finished-at="2025-04-21T22:43:21 EDT" duration-ms="15938" status="PASS">
          <params>
            <param index="0">
              <value>
                <![CDATA[{password=Justdoit@123, product=ZARA COAT 3, email=razin.qa@example.com}]]>
              </value>
            </param>
          </params>
          <reporter-output>
          </reporter-output>
        </test-method> <!-- submitOrder -->
        <test-method is-config="true" signature="tearDown()[pri:0, instance:razinautomation.tests.SubmitOrderTest@3feb2dda]" started-at="2025-04-21T22:43:21 EDT" name="tearDown" finished-at="2025-04-21T22:43:22 EDT" duration-ms="615" status="PASS">
          <reporter-output>
          </reporter-output>
        </test-method> <!-- tearDown -->
        <test-method is-config="true" signature="launchApplication()[pri:0, instance:razinautomation.tests.SubmitOrderTest@3feb2dda]" started-at="2025-04-21T22:43:22 EDT" name="launchApplication" finished-at="2025-04-21T22:43:29 EDT" duration-ms="7161" status="PASS">
          <reporter-output>
          </reporter-output>
        </test-method> <!-- launchApplication -->
        <test-method signature="submitOrder(java.util.HashMap)[pri:0, instance:razinautomation.tests.SubmitOrderTest@3feb2dda]" started-at="2025-04-21T22:43:29 EDT" name="submitOrder" data-provider="getData" finished-at="2025-04-21T22:43:45 EDT" duration-ms="15528" status="PASS">
          <params>
            <param index="0">
              <value>
                <![CDATA[{password=Justdoit@123, product=ADIDAS ORIGINAL, email=razin@example.com}]]>
              </value>
            </param>
          </params>
          <reporter-output>
          </reporter-output>
        </test-method> <!-- submitOrder -->
        <test-method is-config="true" signature="tearDown()[pri:0, instance:razinautomation.tests.SubmitOrderTest@3feb2dda]" started-at="2025-04-21T22:43:45 EDT" name="tearDown" finished-at="2025-04-21T22:43:45 EDT" duration-ms="103" status="PASS">
          <reporter-output>
          </reporter-output>
        </test-method> <!-- tearDown -->
        <test-method is-config="true" signature="launchApplication()[pri:0, instance:razinautomation.tests.SubmitOrderTest@3feb2dda]" started-at="2025-04-21T22:43:45 EDT" name="launchApplication" finished-at="2025-04-21T22:43:50 EDT" duration-ms="5347" status="PASS">
          <reporter-output>
          </reporter-output>
        </test-method> <!-- launchApplication -->
        <test-method signature="OrderHistoryTest()[pri:0, instance:razinautomation.tests.SubmitOrderTest@3feb2dda]" started-at="2025-04-21T22:43:50 EDT" name="OrderHistoryTest" finished-at="2025-04-21T22:43:51 EDT" depends-on-methods="razinautomation.tests.SubmitOrderTest.submitOrder" duration-ms="1050" status="PASS">
          <reporter-output>
          </reporter-output>
        </test-method> <!-- OrderHistoryTest -->
        <test-method is-config="true" signature="tearDown()[pri:0, instance:razinautomation.tests.SubmitOrderTest@3feb2dda]" started-at="2025-04-21T22:43:51 EDT" name="tearDown" finished-at="2025-04-21T22:43:51 EDT" duration-ms="111" status="PASS">
          <reporter-output>
          </reporter-output>
        </test-method> <!-- tearDown -->
      </class> <!-- razinautomation.tests.SubmitOrderTest -->
    </test> <!-- Submit Order Test -->
  </suite> <!-- Suite -->
</testng-results>
